0.27381447
0.230688721
0.190257519
0.31014958
0.38157934
0.355604023
0.389150739
0.365632445
0.364694029
0.344124
0.37471509
0.365809411
0.391080022
0.419152051
0.40043655
0.393321067
0.388767332
0.387207597
0.39917627
0.401620924
0.42391628
0.443486124
0.43688646
0.436667472
0.44328
0.458411038
0.46256122
0.474811286
0.482873946
0.49710387
0.501379
0.506646395
0.50695014
0.511545956
0.521320045
0.527951837
0.538737237
0.536872387
0.539369762
0.547109425
0.551682532
0.550965905
0.553276062
0.553871214
0.555467069
0.55667913
0.556676447
0.559568763
0.560709655
0.562029302
0.562190771
0.568296373
0.569162667
0.573397
0.572750747
0.574254692
0.577869892
0.579432964
0.578537583
0.583906651
0.587362766
0.589980781
0.588704884
0.589725316
0.590907097
0.594323
0.593093872
0.597501397
0.602562726
0.609128416
0.614918709
0.620485425
0.626925588
0.630315661
0.633430898
0.632347703
0.632364869
0.634250522
0.638525069
0.639862895
0.641372
0.643546581
0.645458281
0.646161854
0.649358928
0.651222825
0.653518856
0.658462524
0.660070717
0.658787429
0.660287797
0.661602855
0.664295673
0.665702403
0.667672634
0.670021594
0.670061469
0.672837
0.670730412
0.673436821
0.674916506
0.677714
0.678541422
0.681627512
0.681686819
0.683489263
0.68488884
0.689019084
0.689451814
0.690951705
0.69160378
0.692558944
0.695581377
0.696259618
0.697286129
0.698205411
0.699579835
0.702686965
0.702276409
0.70291
0.704665
0.707902491
0.708591819
0.710734248
0.708940387
0.709792137
0.713165641
0.715964615
0.716736495
0.714439332
0.716894686
0.719284058
0.721335113
0.724028945
0.726222813
0.726022422
0.727095842
0.727217078
0.72968781
0.72999078
0.731238306
0.733971238
0.735892
0.737583339
0.739960074
0.740255535
0.740953
0.742085814
0.743123353
0.744167268
0.743925691
0.745978892
0.748063147
0.748809278
0.74905926
0.74934727
0.751332641
0.751709044
0.751849115
0.75395447
0.755212545
0.756302893
0.756033182
0.757030427
0.758767664
0.76006031
0.760105
0.761778176
0.762558341
0.763426781
0.764784753
0.767062724
0.768772
0.769032121
0.769625306
0.769780219
0.770789862
0.771385
0.772471726
0.773919523
0.774157047
0.775406957
0.776915848
0.777208924
0.777962744
0.778301418
0.77846694
0.778498709
0.779769599
0.780900896
0.781708479
0.783110201
0.784792
0.785883307
0.787166059
0.788520575
0.789001942
0.789568305
0.7902596
0.79050374
0.839896441
0.921575069
0.93016845
0.936906397
0.94076
0.943631828
0.939492226
0.934745908
0.936292827
0.933243394
0.930869
0.914806664
0.90555948
0.907126784
0.907222629
0.899854422
0.903635859
0.901496351
0.895496905
0.895097494
0.891043901
0.889892101
0.885078669
0.882649422
0.884316266
0.88912034
0.891365111
0.892482519
0.893779635
0.893406093
0.894579
0.89634335
0.897067
0.901817679
0.901505768
0.902326941
0.906487465
0.90689224
0.907580733
0.908150733
0.908809423
0.909137428
0.905965567
0.907739639
0.90856868
0.909027278
0.909300745
0.909448147
0.90483731
0.904918611
0.903637767
0.902362227
0.900078535
0.901562035
0.902416229
0.903011501
0.902916431
0.903812349
0.901658714
0.903032839
0.903602719
0.904859126
0.902722061
0.902771473
0.90296638
0.903350413
0.904418588
0.905209959
0.907612205
0.908077
0.907042265
0.906944513
0.906623065
0.906554461
0.906416059
0.906809092
0.907828629
0.908920705
0.909294486
0.909696937
0.908146918
0.907916784
0.906126678
0.9061988
0.90628463
0.905145824
0.905351222
0.906296968
0.90568459
0.906348944
0.9056409
0.905827165
0.906270146
0.906400323
0.906995893
0.907175183
0.908522904
0.907903314
0.908504605
0.908774853
0.95288372
0.899210691
0.934140205
0.904513597
0.927776814
0.912252545
0.917421818
0.914984584
0.912739158
0.924301684
0.931953311
0.938205183
0.942159474
0.943921864
0.946111679
0.948417604
0.940739274
0.944571674
0.943139255
0.942974269
0.939443
0.937584
0.939331055
0.936197281
0.929676473
0.932277
0.934796
0.933672488
0.936440885
0.934781611
0.934442461
0.93655014
0.93693465
0.936444521
0.936839938
0.934803903
0.936305106
0.936986506
0.928592384
0.92807132
0.91564
0.914642453
0.912135065
0.910785496
0.910875738
0.912314415
0.91244626
0.912882686
0.913190842
0.91534543
0.915300965
0.91432488
0.914791942
0.915455
0.912958443
0.914536417
0.914350867
0.911744297
0.912458718
0.912101865
0.90978384
0.910641909
0.911037624
0.912278473
0.913792253
0.9141168
0.911429644
0.911822617
0.912031949
0.913043261
0.91205591
0.914456367
0.914572358
0.915808
0.916564286
0.917274594
0.918840408
0.919879675
0.919539
0.919609427
0.919476509
0.920804918
0.921441853
0.920309305
0.921819746
0.922803104
0.922934055
0.923009
0.92188859
0.920614541
0.920851886
0.922042847
0.92253232
0.923261583
0.923989356
0.924390733
0.924640238
0.925215
0.925131917
0.924189568
0.923450351
0.924170554
0.924733162
0.925658107
0.926233828
0.926944196
0.926766157
0.92723304
0.924054325
0.924224555
0.924365759
0.925263345
0.926474214
0.926396132
0.92659384
0.926177204
0.924981177
0.9227584
0.923464417
0.923379302
0.922612607
0.92287308
0.922421515
0.923100293
0.923630416
0.923149645
0.921919405
0.92212975
0.922268152
0.922625124
0.921292484
0.921885252
0.92247957
0.922480524
0.92275697
0.921163201
0.921367586
0.921599329
0.92078346
0.9208588
0.920795143
0.921139121
0.920801938
0.92056179
0.920353532
0.920513391
0.920629203
0.921180069
0.921473
0.920985341
0.921140552
0.92084682
0.92134279
0.921931
0.921867549
0.922368407
0.922746
0.923158705
0.922808588
0.922641516
0.923249245
0.92375803
0.923976541
0.924300492
0.924813926
0.924975216
0.924852908
0.925259829
0.925188541
0.925244391
0.925362527
0.926001966
0.926354706
0.926774
0.926817954
0.926798701
0.926668704
0.926902
0.927547216
0.92703104
0.927158833
0.927353799
0.927832365
0.928197861
0.928448558
0.928160846
0.928517878
0.928077221
0.928554296
0.928416431
0.928562
0.928894401
0.928937674
0.928582907
0.928689599
0.928892076
0.928576887
0.92816633
0.928265274
0.928320289
0.604375839
0.695824504
0.718357205
0.76375103
0.800796032
0.786291838
0.785938382
0.798565865
0.817577839
0.826889515
0.838440835
0.848389089
0.849717319
0.851666689
0.855534077
0.849387527
0.847587168
0.850131452
0.84683156
0.849596441
0.84768194
0.852984667
0.850341499
0.856462181
0.859630406
0.861743
0.86894232
0.871214211
0.872086644
0.871196687
0.871218
0.874561846
0.878442764
0.87942344
0.877075136
0.88058728
0.881138265
0.874986172
0.872225642
0.869949758
0.869940817
0.868593097
0.869459867
0.870959103
0.868491
0.870294273
0.870385885
0.872225702
0.873881578
0.875548899
0.877547145
0.877153635
0.87695092
0.876609385
0.875936
0.874161482
0.875034451
0.87159127
0.870606601
0.871426821
0.869245648
0.866501451
0.867842674
0.862551272
0.862075269
0.861051738
0.863245368
0.86249423
0.862800956
0.864480615
0.862414777
0.862368822
0.862634361
0.862518489
0.861446679
0.860755503
0.860747278
0.861315429
0.861890197
0.861809134
0.861061513
0.859098
0.857414484
0.858559847
0.858796418
0.858920455
0.859052777
0.859393656
0.8595559
0.859734714
0.859155476
0.859845459
0.859417319
0.85969913
0.861429274
0.862073421
0.863940358
0.86344
0.862982631
0.861509681
0.842189074
0.898179889
0.939145565
0.928840637
0.943731129
0.960547328
0.962157428
0.969602287
0.971258461
0.970551312
0.972225308
0.973397911
0.975057781
0.976317048
0.975370288
0.970693946
0.968825638
0.968568504
0.956909716
0.957142591
0.945584357
0.941608
0.944669843
0.944609225
0.945690453
0.945528567
0.944847167
0.946331441
0.947940111
0.94760257
0.948048472
0.948184669
0.94869709
0.948113263
0.947098076
0.945141
0.943121076
0.943024278
0.944127381
0.944726646
0.945597291
0.944167078
0.942364454
0.94373858
0.944990635
0.945936203
0.944804847
0.944897532
0.944247901
0.942681
0.94240427
0.94330734
0.942858
0.943090439
0.94288069
0.941999495
0.9437325
0.942673266
0.939603567
0.938357532
0.938448906
0.939241469
0.939048707
0.939493358
0.939757466
0.93991667
0.94033
0.940764427
0.940723
0.941003
0.941857755
0.942344069
0.942443
0.942943871
0.943152666
0.943379879
0.943540752
0.944171846
0.944460571
0.944058836
0.944244146
0.945432365
0.945802331
0.946437776
0.945915878
0.946799576
0.945012033
0.944944263
0.945196211
0.945082724
0.945410788
0.945611656
0.945962131
0.945772409
0.946282268
0.946500838
0.946552336
0.947162807
0.946755946
0.946781
0.94700557
0.947155416
0.947479844
0.947611034
0.947638035
0.94756341
0.946922123
0.945232
0.944628179
0.944317818
0.943621218
0.943277
0.943500161
0.943841815
0.943629682
0.944064558
0.94417882
0.944535196
0.944191277
0.943116069
0.942816
0.943301737
0.942968249
0.943053484
0.943254232
0.943245888
0.942949
0.942568779
0.941809773
0.941678584
0.941456497
0.939780235
0.940005064
0.937656581
0.938291132
0.93888694
0.938965678
0.93953526
0.936779261
0.935818732
0.936254
0.936685741
0.937426388
0.937895238
0.937345505
0.937233269
0.937098622
0.937501788
0.937178314
0.936823487
0.937342
0.936481655
0.936362863
0.936777472
0.936614633
0.936983
0.936988
0.937433064
0.937647462
0.937605679
0.938195
0.938796282
0.939349353
0.939435184
0.939987183
0.940054
0.94052273
0.940878034
0.941295624
0.941639602
0.941696763
0.942016065
0.942448556
0.942376435
0.942360163
0.942651272
0.942809105
0.942823052
0.942914128
0.943085372
0.943057418
0.943334699
0.943054557
0.943136156
0.943155468
0.943553925
0.943243146
0.943407416
0.943353891
0.943433046
0.943514705
0.943661451
0.943951428
0.943695188
0.943968713
0.943752646
0.944153428
0.944556236
0.944436491
0.944822073
0.895729303
0.948273718
0.941259146
0.945991158
0.944804192
0.933845818
0.927214801
0.923398197
0.921198666
0.917131722
0.922563672
0.919914544
0.918547
0.924057305
0.930538654
0.93178755
0.928571
0.921979189
0.924894571
0.9272241
0.925288916
0.926748574
0.927866936
0.92866087
0.927935481
0.932163119
0.931500316
0.934218109
0.932454765
0.93117696
0.930879891
0.932051659
0.932034075
0.933458745
0.936014473
0.936313748
0.937630892
0.940748215
0.940407693
0.943588078
0.943283856
0.943586528
0.941399
0.941036582
0.942231715
0.941543
0.942939699
0.941960037
0.941887796
0.942671418
0.941982687
0.943190217
0.943820477
0.944631457
0.945068181
0.944695055
0.946368396
0.946065068
0.946104646
0.946107686
0.94645524
0.946521282
0.945534825
0.946027696
0.945214391
0.945434332
0.945575416
0.946031749
0.946117163
0.947198451
0.947541356
0.948010504
0.94825995
0.948592961
0.948522627
0.948073149
0.948411644
0.949102044
0.948319256
0.948576629
0.949093223
0.947526455
0.947373748
0.947068214
0.947110951
0.94664079
0.947079778
0.946739137
0.946650863
0.946164
0.945978582
0.946620405
0.947228491
0.947697937
0.947774291
0.947748601
0.948074
0.946996748
0.947508752
0.947355628
